<?xml version="1.0" encoding="UTF-8"?>
<!-- Generated by org.testng.reporters.JUnitXMLReporter -->
<testsuite ignored="0" hostname="IN-7VWVN13" failures="3" tests="11" name="Amazon Website Test Cases" time="112.52" errors="0" timestamp="2022-11-03T01:27:12 IST">
  <testcase classname="AmazonTestWithLogin.LoginPageTest" name="loginPageTitleTest" time="0.065"/>
  <testcase classname="AmazonTestWithLogin.LoginPageTest" name="loginTest" time="2.085"/>
  <testcase classname="AmazonTestWithLogin.HomePageTest" name="verifyHomePageTitleTest" time="0.037">
    <failure type="java.lang.AssertionError" message="Home Page Tittle does&amp;apos;t Match expected [Online Shopping site in India: Shop Online for Mobiles, Books, Watches, Shoes and More - Amazon.in] but found [Amazon Sign In]">
      <![CDATA[java.lang.AssertionError: Home Page Tittle does't Match expected [Online Shopping site in India: Shop Online for Mobiles, Books, Watches, Shoes and More - Amazon.in] but found [Amazon Sign In]
at AmazonTestWithLogin.HomePageTest.verifyHomePageTitleTest(HomePageTest.java:45)
at java.base/java.util.ArrayList.forEach(ArrayList.java:1540)
... Removed 32 stack frames]]>
    </failure>
  </testcase> <!-- verifyHomePageTitleTest -->
  <testcase classname="AmazonTestWithLogin.HomePageTest" name="verifyUserName" time="2.116"/>
  <testcase classname="AmazonTestWithLogin.HomePageTest" name="verifyAddToCardLink" time="4.767"/>
  <testcase classname="AmazonTestWithLogin.HomePageTest" name="verifyScrollDownHomePageTest" time="6.131"/>
  <testcase classname="AmazonTestWithLogin.AddToCartTest" name="verifyAddTocardLableTest" time="0.107"/>
  <testcase classname="AmazonTestWithLogin.AccountPageTest" name="verifyYourAccountLableTest" time="0.023">
    <failure type="java.lang.AssertionError" message="expected [1Your Account] but found [Your Account]">
      <![CDATA[java.lang.AssertionError: expected [1Your Account] but found [Your Account]
at AmazonTestWithLogin.AccountPageTest.verifyYourAccountLableTest(AccountPageTest.java:50)
at java.base/java.util.ArrayList.forEach(ArrayList.java:1540)
... Removed 33 stack frames]]>
    </failure>
  </testcase> <!-- verifyYourAccountLableTest -->
  <testcase classname="AmazonTestWithLogin.DeliverAddressPageTest" name="verifyDeliveryPageTest" time="2.693">
    <failure type="java.lang.IllegalArgumentException" message="Keys to send should be a not null CharSequence">
      <![CDATA[java.lang.IllegalArgumentException: Keys to send should be a not null CharSequence
at org.openqa.selenium.remote.RemoteWebElement.sendKeys(RemoteWebElement.java:98)
at org.openqa.selenium.support.pagefactory.internal.LocatingElementHandler.invoke(LocatingElementHandler.java:52)
at com.sun.proxy.$Proxy17.sendKeys(Unknown Source)
at AmazonPagesWithLogin.DeliverAddressPage.enterPinCode(DeliverAddressPage.java:38)
at AmazonTestWithLogin.DeliverAddressPageTest.verifyDeliveryPageTest(DeliverAddressPageTest.java:42)
at java.base/java.util.ArrayList.forEach(ArrayList.java:1540)
... Removed 30 stack frames]]>
    </failure>
  </testcase> <!-- verifyDeliveryPageTest -->
  <testcase classname="AmazonTestWithLogin.SignUpPageTset" name="verifySignUpPageTest" time="3.983"/>
  <testcase classname="AmazonTestWithLogin.ReturnAndOrderPageTest" name="verifyResturnAndOrderPageTest" time="7.65"/>
</testsuite> <!-- Amazon Website Test Cases -->
